{"D:\\10 Pearls\\cohort-9-mern-9161-bakhtiar\\backend\\src\\app.js":{"path":"D:\\10 Pearls\\cohort-9-mern-9161-bakhtiar\\backend\\src\\app.js","statementMap":{"0":{"start":{"line":1,"column":16},"end":{"line":1,"column":34}},"1":{"start":{"line":2,"column":13},"end":{"line":2,"column":28}},"2":{"start":{"line":3,"column":17},"end":{"line":3,"column":37}},"3":{"start":{"line":4,"column":15},"end":{"line":4,"column":34}},"4":{"start":{"line":5,"column":19},"end":{"line":5,"column":49}},"5":{"start":{"line":6,"column":20},"end":{"line":6,"column":50}},"6":{"start":{"line":7,"column":21},"end":{"line":7,"column":58}},"7":{"start":{"line":9,"column":12},"end":{"line":9,"column":21}},"8":{"start":{"line":11,"column":0},"end":{"line":11,"column":16}},"9":{"start":{"line":12,"column":0},"end":{"line":12,"column":24}},"10":{"start":{"line":13,"column":0},"end":{"line":13,"column":30}},"11":{"start":{"line":15,"column":0},"end":{"line":17,"column":3}},"12":{"start":{"line":16,"column":4},"end":{"line":16,"column":43}},"13":{"start":{"line":19,"column":0},"end":{"line":19,"column":33}},"14":{"start":{"line":20,"column":0},"end":{"line":20,"column":35}},"15":{"start":{"line":23,"column":0},"end":{"line":30,"column":3}},"16":{"start":{"line":24,"column":4},"end":{"line":29,"column":7}},"17":{"start":{"line":33,"column":0},"end":{"line":33,"column":22}},"18":{"start":{"line":35,"column":0},"end":{"line":35,"column":21}}},"fnMap":{"0":{"name":"(anonymous_0)","decl":{"start":{"line":15,"column":19},"end":{"line":15,"column":20}},"loc":{"start":{"line":15,"column":33},"end":{"line":17,"column":1}},"line":15},"1":{"name":"(anonymous_1)","decl":{"start":{"line":23,"column":8},"end":{"line":23,"column":9}},"loc":{"start":{"line":23,"column":22},"end":{"line":30,"column":1}},"line":23}},"branchMap":{},"s":{"0":3,"1":3,"2":3,"3":3,"4":3,"5":3,"6":3,"7":3,"8":3,"9":3,"10":3,"11":3,"12":1,"13":3,"14":3,"15":3,"16":0,"17":3,"18":3},"f":{"0":1,"1":0},"b":{},"_coverageSchema":"1a1c01bbd47fc00a2c39e90264f33305004495a9","hash":"e8282603118592bd8e4a8f07a54cfa05c68a8a11","contentHash":"33cf846f7cad4a1c516fc0e5640ed957de6514432839c659266cd2b5a61f6aca"},"D:\\10 Pearls\\cohort-9-mern-9161-bakhtiar\\backend\\src\\logger.js":{"path":"D:\\10 Pearls\\cohort-9-mern-9161-bakhtiar\\backend\\src\\logger.js","statementMap":{"0":{"start":{"line":1,"column":13},"end":{"line":1,"column":28}},"1":{"start":{"line":3,"column":15},"end":{"line":8,"column":2}},"2":{"start":{"line":10,"column":0},"end":{"line":10,"column":24}}},"fnMap":{},"branchMap":{"0":{"loc":{"start":{"line":4,"column":11},"end":{"line":4,"column":42}},"type":"binary-expr","locations":[{"start":{"line":4,"column":11},"end":{"line":4,"column":32}},{"start":{"line":4,"column":36},"end":{"line":4,"column":42}}],"line":4},"1":{"loc":{"start":{"line":5,"column":15},"end":{"line":7,"column":19}},"type":"cond-expr","locations":[{"start":{"line":6,"column":10},"end":{"line":6,"column":35}},{"start":{"line":7,"column":10},"end":{"line":7,"column":19}}],"line":5}},"s":{"0":1,"1":1,"2":1},"f":{},"b":{"0":[1,1],"1":[0,1]},"_coverageSchema":"1a1c01bbd47fc00a2c39e90264f33305004495a9","hash":"ba35533f51f9d13a5bed2e10f84dd6ecaef9e85b","contentHash":"2b5c585f36de156e313d42c7c48dc94b5cf00d7393a040719826d031101446bb"},"D:\\10 Pearls\\cohort-9-mern-9161-bakhtiar\\backend\\src\\routes\\authRoutes.js":{"path":"D:\\10 Pearls\\cohort-9-mern-9161-bakhtiar\\backend\\src\\routes\\authRoutes.js","statementMap":{"0":{"start":{"line":1,"column":16},"end":{"line":1,"column":34}},"1":{"start":{"line":2,"column":23},"end":{"line":2,"column":63}},"2":{"start":{"line":3,"column":23},"end":{"line":3,"column":63}},"3":{"start":{"line":4,"column":15},"end":{"line":4,"column":31}},"4":{"start":{"line":6,"column":0},"end":{"line":6,"column":46}},"5":{"start":{"line":7,"column":0},"end":{"line":7,"column":44}},"6":{"start":{"line":8,"column":0},"end":{"line":8,"column":46}},"7":{"start":{"line":9,"column":0},"end":{"line":9,"column":65}},"8":{"start":{"line":10,"column":0},"end":{"line":10,"column":24}}},"fnMap":{},"branchMap":{},"s":{"0":1,"1":1,"2":1,"3":1,"4":1,"5":1,"6":1,"7":1,"8":1},"f":{},"b":{},"_coverageSchema":"1a1c01bbd47fc00a2c39e90264f33305004495a9","hash":"ac08520628bf8d153f3dd21e7cc9714bc3681f2a","contentHash":"a95b9b93d6c3667a5115ac9afcb12ceafbbf7b892a045235f9607b406006b5ef"},"D:\\10 Pearls\\cohort-9-mern-9161-bakhtiar\\backend\\src\\controllers\\authController.js":{"path":"D:\\10 Pearls\\cohort-9-mern-9161-bakhtiar\\backend\\src\\controllers\\authController.js","statementMap":{"0":{"start":{"line":1,"column":17},"end":{"line":1,"column":52}},"1":{"start":{"line":2,"column":15},"end":{"line":2,"column":35}},"2":{"start":{"line":4,"column":15},"end":{"line":30,"column":1}},"3":{"start":{"line":5,"column":4},"end":{"line":29,"column":5}},"4":{"start":{"line":6,"column":36},"end":{"line":6,"column":44}},"5":{"start":{"line":8,"column":8},"end":{"line":12,"column":9}},"6":{"start":{"line":9,"column":12},"end":{"line":11,"column":15}},"7":{"start":{"line":14,"column":32},"end":{"line":14,"column":79}},"8":{"start":{"line":16,"column":8},"end":{"line":23,"column":9}},"9":{"start":{"line":17,"column":12},"end":{"line":21,"column":13}},"10":{"start":{"line":18,"column":16},"end":{"line":20,"column":19}},"11":{"start":{"line":22,"column":12},"end":{"line":22,"column":92}},"12":{"start":{"line":25,"column":8},"end":{"line":25,"column":70}},"13":{"start":{"line":26,"column":8},"end":{"line":26,"column":80}},"14":{"start":{"line":28,"column":8},"end":{"line":28,"column":20}},"15":{"start":{"line":32,"column":14},"end":{"line":54,"column":1}},"16":{"start":{"line":33,"column":4},"end":{"line":53,"column":5}},"17":{"start":{"line":34,"column":36},"end":{"line":34,"column":44}},"18":{"start":{"line":36,"column":8},"end":{"line":40,"column":9}},"19":{"start":{"line":37,"column":12},"end":{"line":39,"column":15}},"20":{"start":{"line":42,"column":32},"end":{"line":42,"column":91}},"21":{"start":{"line":44,"column":8},"end":{"line":47,"column":9}},"22":{"start":{"line":45,"column":12},"end":{"line":45,"column":70}},"23":{"start":{"line":46,"column":12},"end":{"line":46,"column":92}},"24":{"start":{"line":49,"column":8},"end":{"line":49,"column":69}},"25":{"start":{"line":50,"column":8},"end":{"line":50,"column":102}},"26":{"start":{"line":52,"column":8},"end":{"line":52,"column":20}},"27":{"start":{"line":56,"column":15},"end":{"line":75,"column":1}},"28":{"start":{"line":57,"column":4},"end":{"line":74,"column":5}},"29":{"start":{"line":58,"column":22},"end":{"line":58,"column":62}},"30":{"start":{"line":60,"column":8},"end":{"line":62,"column":9}},"31":{"start":{"line":61,"column":12},"end":{"line":61,"column":98}},"32":{"start":{"line":64,"column":26},"end":{"line":64,"column":75}},"33":{"start":{"line":66,"column":8},"end":{"line":68,"column":9}},"34":{"start":{"line":67,"column":12},"end":{"line":67,"column":24}},"35":{"start":{"line":70,"column":8},"end":{"line":70,"column":41}},"36":{"start":{"line":71,"column":8},"end":{"line":71,"column":63}},"37":{"start":{"line":73,"column":8},"end":{"line":73,"column":20}},"38":{"start":{"line":77,"column":23},"end":{"line":95,"column":1}},"39":{"start":{"line":78,"column":4},"end":{"line":94,"column":5}},"40":{"start":{"line":79,"column":22},"end":{"line":79,"column":62}},"41":{"start":{"line":81,"column":8},"end":{"line":83,"column":9}},"42":{"start":{"line":82,"column":12},"end":{"line":82,"column":98}},"43":{"start":{"line":85,"column":32},"end":{"line":85,"column":66}},"44":{"start":{"line":87,"column":8},"end":{"line":89,"column":9}},"45":{"start":{"line":88,"column":12},"end":{"line":88,"column":94}},"46":{"start":{"line":91,"column":8},"end":{"line":91,"column":50}},"47":{"start":{"line":93,"column":8},"end":{"line":93,"column":20}},"48":{"start":{"line":97,"column":0},"end":{"line":102,"column":2}}},"fnMap":{"0":{"name":"(anonymous_0)","decl":{"start":{"line":4,"column":15},"end":{"line":4,"column":16}},"loc":{"start":{"line":4,"column":41},"end":{"line":30,"column":1}},"line":4},"1":{"name":"(anonymous_1)","decl":{"start":{"line":32,"column":14},"end":{"line":32,"column":15}},"loc":{"start":{"line":32,"column":40},"end":{"line":54,"column":1}},"line":32},"2":{"name":"(anonymous_2)","decl":{"start":{"line":56,"column":15},"end":{"line":56,"column":16}},"loc":{"start":{"line":56,"column":41},"end":{"line":75,"column":1}},"line":56},"3":{"name":"(anonymous_3)","decl":{"start":{"line":77,"column":23},"end":{"line":77,"column":24}},"loc":{"start":{"line":77,"column":49},"end":{"line":95,"column":1}},"line":77}},"branchMap":{"0":{"loc":{"start":{"line":8,"column":8},"end":{"line":12,"column":9}},"type":"if","locations":[{"start":{"line":8,"column":8},"end":{"line":12,"column":9}},{"start":{},"end":{}}],"line":8},"1":{"loc":{"start":{"line":8,"column":12},"end":{"line":8,"column":31}},"type":"binary-expr","locations":[{"start":{"line":8,"column":12},"end":{"line":8,"column":18}},{"start":{"line":8,"column":22},"end":{"line":8,"column":31}}],"line":8},"2":{"loc":{"start":{"line":16,"column":8},"end":{"line":23,"column":9}},"type":"if","locations":[{"start":{"line":16,"column":8},"end":{"line":23,"column":9}},{"start":{},"end":{}}],"line":16},"3":{"loc":{"start":{"line":17,"column":12},"end":{"line":21,"column":13}},"type":"if","locations":[{"start":{"line":17,"column":12},"end":{"line":21,"column":13}},{"start":{},"end":{}}],"line":17},"4":{"loc":{"start":{"line":36,"column":8},"end":{"line":40,"column":9}},"type":"if","locations":[{"start":{"line":36,"column":8},"end":{"line":40,"column":9}},{"start":{},"end":{}}],"line":36},"5":{"loc":{"start":{"line":36,"column":12},"end":{"line":36,"column":31}},"type":"binary-expr","locations":[{"start":{"line":36,"column":12},"end":{"line":36,"column":18}},{"start":{"line":36,"column":22},"end":{"line":36,"column":31}}],"line":36},"6":{"loc":{"start":{"line":44,"column":8},"end":{"line":47,"column":9}},"type":"if","locations":[{"start":{"line":44,"column":8},"end":{"line":47,"column":9}},{"start":{},"end":{}}],"line":44},"7":{"loc":{"start":{"line":60,"column":8},"end":{"line":62,"column":9}},"type":"if","locations":[{"start":{"line":60,"column":8},"end":{"line":62,"column":9}},{"start":{},"end":{}}],"line":60},"8":{"loc":{"start":{"line":66,"column":8},"end":{"line":68,"column":9}},"type":"if","locations":[{"start":{"line":66,"column":8},"end":{"line":68,"column":9}},{"start":{},"end":{}}],"line":66},"9":{"loc":{"start":{"line":81,"column":8},"end":{"line":83,"column":9}},"type":"if","locations":[{"start":{"line":81,"column":8},"end":{"line":83,"column":9}},{"start":{},"end":{}}],"line":81},"10":{"loc":{"start":{"line":87,"column":8},"end":{"line":89,"column":9}},"type":"if","locations":[{"start":{"line":87,"column":8},"end":{"line":89,"column":9}},{"start":{},"end":{}}],"line":87},"11":{"loc":{"start":{"line":87,"column":12},"end":{"line":87,"column":31}},"type":"binary-expr","locations":[{"start":{"line":87,"column":12},"end":{"line":87,"column":17}},{"start":{"line":87,"column":21},"end":{"line":87,"column":31}}],"line":87}},"s":{"0":1,"1":1,"2":1,"3":2,"4":2,"5":2,"6":1,"7":1,"8":1,"9":0,"10":0,"11":0,"12":1,"13":1,"14":0,"15":1,"16":2,"17":2,"18":2,"19":0,"20":2,"21":2,"22":1,"23":1,"24":1,"25":1,"26":0,"27":1,"28":0,"29":0,"30":0,"31":0,"32":0,"33":0,"34":0,"35":0,"36":0,"37":0,"38":1,"39":0,"40":0,"41":0,"42":0,"43":0,"44":0,"45":0,"46":0,"47":0,"48":1},"f":{"0":2,"1":2,"2":0,"3":0},"b":{"0":[1,1],"1":[2,2],"2":[0,1],"3":[0,0],"4":[0,2],"5":[2,2],"6":[1,1],"7":[0,0],"8":[0,0],"9":[0,0],"10":[0,0],"11":[0,0]},"_coverageSchema":"1a1c01bbd47fc00a2c39e90264f33305004495a9","hash":"8752fd7b9f07f39dd8607bfd83a3f7a9c3cda224","contentHash":"a9c295948b2531771fb8223150eadc22658bdca221d69888a34572e7df95ea4a"},"D:\\10 Pearls\\cohort-9-mern-9161-bakhtiar\\backend\\src\\config\\supabaseClient.js":{"path":"D:\\10 Pearls\\cohort-9-mern-9161-bakhtiar\\backend\\src\\config\\supabaseClient.js","statementMap":{"0":{"start":{"line":1,"column":0},"end":{"line":1,"column":27}},"1":{"start":{"line":2,"column":25},"end":{"line":2,"column":57}},"2":{"start":{"line":5,"column":20},"end":{"line":5,"column":44}},"3":{"start":{"line":6,"column":27},"end":{"line":6,"column":64}},"4":{"start":{"line":8,"column":0},"end":{"line":10,"column":1}},"5":{"start":{"line":9,"column":4},"end":{"line":9,"column":100}},"6":{"start":{"line":12,"column":17},"end":{"line":12,"column":62}},"7":{"start":{"line":14,"column":0},"end":{"line":14,"column":26}}},"fnMap":{},"branchMap":{"0":{"loc":{"start":{"line":8,"column":0},"end":{"line":10,"column":1}},"type":"if","locations":[{"start":{"line":8,"column":0},"end":{"line":10,"column":1}},{"start":{},"end":{}}],"line":8},"1":{"loc":{"start":{"line":8,"column":4},"end":{"line":8,"column":39}},"type":"binary-expr","locations":[{"start":{"line":8,"column":4},"end":{"line":8,"column":16}},{"start":{"line":8,"column":20},"end":{"line":8,"column":39}}],"line":8}},"s":{"0":1,"1":1,"2":1,"3":1,"4":1,"5":0,"6":1,"7":1},"f":{},"b":{"0":[0,1],"1":[1,1]},"_coverageSchema":"1a1c01bbd47fc00a2c39e90264f33305004495a9","hash":"f1171615be8c75ff109abb16b563803dd81ae8e7","contentHash":"15aa88a055521b96cce770e7adde8044c338d5b7132563fa9c675c3cd5f42300"},"D:\\10 Pearls\\cohort-9-mern-9161-bakhtiar\\backend\\src\\middlewares\\authMiddleware.js":{"path":"D:\\10 Pearls\\cohort-9-mern-9161-bakhtiar\\backend\\src\\middlewares\\authMiddleware.js","statementMap":{"0":{"start":{"line":1,"column":17},"end":{"line":1,"column":52}},"1":{"start":{"line":2,"column":15},"end":{"line":2,"column":35}},"2":{"start":{"line":4,"column":23},"end":{"line":30,"column":1}},"3":{"start":{"line":5,"column":4},"end":{"line":29,"column":5}},"4":{"start":{"line":6,"column":27},"end":{"line":6,"column":52}},"5":{"start":{"line":7,"column":8},"end":{"line":9,"column":9}},"6":{"start":{"line":8,"column":12},"end":{"line":8,"column":120}},"7":{"start":{"line":11,"column":22},"end":{"line":11,"column":46}},"8":{"start":{"line":12,"column":8},"end":{"line":14,"column":9}},"9":{"start":{"line":13,"column":12},"end":{"line":13,"column":94}},"10":{"start":{"line":17,"column":32},"end":{"line":17,"column":66}},"11":{"start":{"line":19,"column":8},"end":{"line":21,"column":9}},"12":{"start":{"line":20,"column":12},"end":{"line":20,"column":94}},"13":{"start":{"line":24,"column":8},"end":{"line":24,"column":29}},"14":{"start":{"line":25,"column":8},"end":{"line":25,"column":26}},"15":{"start":{"line":26,"column":8},"end":{"line":26,"column":15}},"16":{"start":{"line":28,"column":8},"end":{"line":28,"column":20}},"17":{"start":{"line":32,"column":0},"end":{"line":32,"column":32}}},"fnMap":{"0":{"name":"(anonymous_0)","decl":{"start":{"line":4,"column":23},"end":{"line":4,"column":24}},"loc":{"start":{"line":4,"column":49},"end":{"line":30,"column":1}},"line":4}},"branchMap":{"0":{"loc":{"start":{"line":7,"column":8},"end":{"line":9,"column":9}},"type":"if","locations":[{"start":{"line":7,"column":8},"end":{"line":9,"column":9}},{"start":{},"end":{}}],"line":7},"1":{"loc":{"start":{"line":7,"column":12},"end":{"line":7,"column":60}},"type":"binary-expr","locations":[{"start":{"line":7,"column":12},"end":{"line":7,"column":23}},{"start":{"line":7,"column":27},"end":{"line":7,"column":60}}],"line":7},"2":{"loc":{"start":{"line":12,"column":8},"end":{"line":14,"column":9}},"type":"if","locations":[{"start":{"line":12,"column":8},"end":{"line":14,"column":9}},{"start":{},"end":{}}],"line":12},"3":{"loc":{"start":{"line":19,"column":8},"end":{"line":21,"column":9}},"type":"if","locations":[{"start":{"line":19,"column":8},"end":{"line":21,"column":9}},{"start":{},"end":{}}],"line":19},"4":{"loc":{"start":{"line":19,"column":12},"end":{"line":19,"column":31}},"type":"binary-expr","locations":[{"start":{"line":19,"column":12},"end":{"line":19,"column":17}},{"start":{"line":19,"column":21},"end":{"line":19,"column":31}}],"line":19}},"s":{"0":1,"1":1,"2":1,"3":9,"4":9,"5":9,"6":2,"7":7,"8":7,"9":0,"10":7,"11":7,"12":1,"13":6,"14":6,"15":6,"16":0,"17":1},"f":{"0":9},"b":{"0":[2,7],"1":[9,7],"2":[0,7],"3":[1,6],"4":[7,6]},"_coverageSchema":"1a1c01bbd47fc00a2c39e90264f33305004495a9","hash":"6341c57c0ef201d9589fb7d56e1e0f4b1f3688fa","contentHash":"1f7411a5293cc07c8301dce72375625a157195c323a0ece68cc23a3052b5d948"},"D:\\10 Pearls\\cohort-9-mern-9161-bakhtiar\\backend\\src\\routes\\noteRoutes.js":{"path":"D:\\10 Pearls\\cohort-9-mern-9161-bakhtiar\\backend\\src\\routes\\noteRoutes.js","statementMap":{"0":{"start":{"line":1,"column":16},"end":{"line":1,"column":34}},"1":{"start":{"line":2,"column":15},"end":{"line":2,"column":31}},"2":{"start":{"line":5,"column":23},"end":{"line":5,"column":63}},"3":{"start":{"line":18,"column":4},"end":{"line":18,"column":44}},"4":{"start":{"line":20,"column":0},"end":{"line":20,"column":27}},"5":{"start":{"line":22,"column":0},"end":{"line":24,"column":19}},"6":{"start":{"line":25,"column":0},"end":{"line":25,"column":41}},"7":{"start":{"line":26,"column":0},"end":{"line":26,"column":31}},"8":{"start":{"line":27,"column":0},"end":{"line":27,"column":41}},"9":{"start":{"line":29,"column":0},"end":{"line":32,"column":24}},"10":{"start":{"line":34,"column":0},"end":{"line":34,"column":36}},"11":{"start":{"line":36,"column":0},"end":{"line":36,"column":24}}},"fnMap":{},"branchMap":{},"s":{"0":3,"1":3,"2":3,"3":3,"4":3,"5":3,"6":3,"7":3,"8":3,"9":3,"10":3,"11":3},"f":{},"b":{},"_coverageSchema":"1a1c01bbd47fc00a2c39e90264f33305004495a9","hash":"b1aa701f762183aa8b96a2246d832ddcc7829ea7","contentHash":"c4900ca059273b8b98e9a36a37b33a4f27927189eeff3c46255bb9b78a27377d"},"D:\\10 Pearls\\cohort-9-mern-9161-bakhtiar\\backend\\src\\controllers\\noteController.js":{"path":"D:\\10 Pearls\\cohort-9-mern-9161-bakhtiar\\backend\\src\\controllers\\noteController.js","statementMap":{"0":{"start":{"line":1,"column":12},"end":{"line":1,"column":26}},"1":{"start":{"line":2,"column":18},"end":{"line":2,"column":49}},"2":{"start":{"line":3,"column":15},"end":{"line":3,"column":35}},"3":{"start":{"line":5,"column":21},"end":{"line":11,"column":2}},"4":{"start":{"line":13,"column":21},"end":{"line":20,"column":9}},"5":{"start":{"line":22,"column":20},"end":{"line":29,"column":2}},"6":{"start":{"line":31,"column":17},"end":{"line":33,"column":2}},"7":{"start":{"line":35,"column":20},"end":{"line":42,"column":1}},"8":{"start":{"line":36,"column":4},"end":{"line":36,"column":32}},"9":{"start":{"line":37,"column":4},"end":{"line":41,"column":7}},"10":{"start":{"line":44,"column":0},"end":{"line":54,"column":2}},"11":{"start":{"line":45,"column":4},"end":{"line":53,"column":5}},"12":{"start":{"line":46,"column":33},"end":{"line":46,"column":64}},"13":{"start":{"line":47,"column":8},"end":{"line":47,"column":55}},"14":{"start":{"line":47,"column":19},"end":{"line":47,"column":55}},"15":{"start":{"line":49,"column":21},"end":{"line":49,"column":74}},"16":{"start":{"line":50,"column":8},"end":{"line":50,"column":92}},"17":{"start":{"line":52,"column":8},"end":{"line":52,"column":39}},"18":{"start":{"line":56,"column":0},"end":{"line":77,"column":2}},"19":{"start":{"line":57,"column":4},"end":{"line":76,"column":5}},"20":{"start":{"line":58,"column":33},"end":{"line":58,"column":64}},"21":{"start":{"line":59,"column":8},"end":{"line":59,"column":55}},"22":{"start":{"line":59,"column":19},"end":{"line":59,"column":55}},"23":{"start":{"line":61,"column":64},"end":{"line":61,"column":69}},"24":{"start":{"line":62,"column":32},"end":{"line":62,"column":115}},"25":{"start":{"line":64,"column":8},"end":{"line":73,"column":11}},"26":{"start":{"line":75,"column":8},"end":{"line":75,"column":39}},"27":{"start":{"line":79,"column":0},"end":{"line":91,"column":2}},"28":{"start":{"line":80,"column":4},"end":{"line":90,"column":5}},"29":{"start":{"line":81,"column":26},"end":{"line":81,"column":55}},"30":{"start":{"line":82,"column":8},"end":{"line":82,"column":55}},"31":{"start":{"line":82,"column":19},"end":{"line":82,"column":55}},"32":{"start":{"line":84,"column":21},"end":{"line":84,"column":71}},"33":{"start":{"line":85,"column":8},"end":{"line":85,"column":98}},"34":{"start":{"line":85,"column":19},"end":{"line":85,"column":98}},"35":{"start":{"line":87,"column":8},"end":{"line":87,"column":67}},"36":{"start":{"line":89,"column":8},"end":{"line":89,"column":39}},"37":{"start":{"line":93,"column":0},"end":{"line":109,"column":2}},"38":{"start":{"line":94,"column":4},"end":{"line":108,"column":5}},"39":{"start":{"line":95,"column":33},"end":{"line":95,"column":62}},"40":{"start":{"line":96,"column":8},"end":{"line":96,"column":55}},"41":{"start":{"line":96,"column":19},"end":{"line":96,"column":55}},"42":{"start":{"line":98,"column":33},"end":{"line":98,"column":64}},"43":{"start":{"line":99,"column":8},"end":{"line":99,"column":55}},"44":{"start":{"line":99,"column":19},"end":{"line":99,"column":55}},"45":{"start":{"line":101,"column":21},"end":{"line":101,"column":76}},"46":{"start":{"line":102,"column":8},"end":{"line":102,"column":92}},"47":{"start":{"line":104,"column":8},"end":{"line":106,"column":9}},"48":{"start":{"line":105,"column":12},"end":{"line":105,"column":91}},"49":{"start":{"line":107,"column":8},"end":{"line":107,"column":39}},"50":{"start":{"line":111,"column":0},"end":{"line":124,"column":2}},"51":{"start":{"line":112,"column":4},"end":{"line":123,"column":5}},"52":{"start":{"line":113,"column":26},"end":{"line":113,"column":55}},"53":{"start":{"line":114,"column":8},"end":{"line":114,"column":55}},"54":{"start":{"line":114,"column":19},"end":{"line":114,"column":55}},"55":{"start":{"line":116,"column":8},"end":{"line":116,"column":61}},"56":{"start":{"line":117,"column":8},"end":{"line":117,"column":80}},"57":{"start":{"line":119,"column":8},"end":{"line":121,"column":9}},"58":{"start":{"line":120,"column":12},"end":{"line":120,"column":88}},"59":{"start":{"line":122,"column":8},"end":{"line":122,"column":39}},"60":{"start":{"line":126,"column":0},"end":{"line":136,"column":2}},"61":{"start":{"line":127,"column":4},"end":{"line":135,"column":5}},"62":{"start":{"line":128,"column":26},"end":{"line":128,"column":55}},"63":{"start":{"line":129,"column":8},"end":{"line":129,"column":55}},"64":{"start":{"line":129,"column":19},"end":{"line":129,"column":55}},"65":{"start":{"line":131,"column":8},"end":{"line":131,"column":61}},"66":{"start":{"line":132,"column":8},"end":{"line":132,"column":92}},"67":{"start":{"line":134,"column":8},"end":{"line":134,"column":39}},"68":{"start":{"line":138,"column":0},"end":{"line":155,"column":2}},"69":{"start":{"line":139,"column":4},"end":{"line":154,"column":5}},"70":{"start":{"line":140,"column":26},"end":{"line":140,"column":55}},"71":{"start":{"line":141,"column":8},"end":{"line":141,"column":55}},"72":{"start":{"line":141,"column":19},"end":{"line":141,"column":55}},"73":{"start":{"line":143,"column":21},"end":{"line":143,"column":72}},"74":{"start":{"line":144,"column":8},"end":{"line":148,"column":11}},"75":{"start":{"line":150,"column":8},"end":{"line":152,"column":9}},"76":{"start":{"line":151,"column":12},"end":{"line":151,"column":91}},"77":{"start":{"line":153,"column":8},"end":{"line":153,"column":39}},"78":{"start":{"line":157,"column":0},"end":{"line":164,"column":2}},"79":{"start":{"line":158,"column":4},"end":{"line":163,"column":5}},"80":{"start":{"line":159,"column":27},"end":{"line":159,"column":67}},"81":{"start":{"line":160,"column":8},"end":{"line":160,"column":99}},"82":{"start":{"line":162,"column":8},"end":{"line":162,"column":39}},"83":{"start":{"line":166,"column":0},"end":{"line":173,"column":2}},"84":{"start":{"line":167,"column":4},"end":{"line":172,"column":5}},"85":{"start":{"line":168,"column":22},"end":{"line":168,"column":57}},"86":{"start":{"line":169,"column":8},"end":{"line":169,"column":68}},"87":{"start":{"line":171,"column":8},"end":{"line":171,"column":39}},"88":{"start":{"line":175,"column":0},"end":{"line":188,"column":2}},"89":{"start":{"line":176,"column":4},"end":{"line":187,"column":5}},"90":{"start":{"line":177,"column":26},"end":{"line":177,"column":55}},"91":{"start":{"line":178,"column":8},"end":{"line":178,"column":55}},"92":{"start":{"line":178,"column":19},"end":{"line":178,"column":55}},"93":{"start":{"line":180,"column":21},"end":{"line":180,"column":70}},"94":{"start":{"line":181,"column":8},"end":{"line":181,"column":93}},"95":{"start":{"line":183,"column":8},"end":{"line":185,"column":9}},"96":{"start":{"line":184,"column":12},"end":{"line":184,"column":88}},"97":{"start":{"line":186,"column":8},"end":{"line":186,"column":39}}},"fnMap":{"0":{"name":"(anonymous_0)","decl":{"start":{"line":35,"column":20},"end":{"line":35,"column":21}},"loc":{"start":{"line":35,"column":75},"end":{"line":42,"column":1}},"line":35},"1":{"name":"(anonymous_1)","decl":{"start":{"line":44,"column":21},"end":{"line":44,"column":22}},"loc":{"start":{"line":44,"column":41},"end":{"line":54,"column":1}},"line":44},"2":{"name":"(anonymous_2)","decl":{"start":{"line":56,"column":19},"end":{"line":56,"column":20}},"loc":{"start":{"line":56,"column":39},"end":{"line":77,"column":1}},"line":56},"3":{"name":"(anonymous_3)","decl":{"start":{"line":79,"column":18},"end":{"line":79,"column":19}},"loc":{"start":{"line":79,"column":38},"end":{"line":91,"column":1}},"line":79},"4":{"name":"(anonymous_4)","decl":{"start":{"line":93,"column":21},"end":{"line":93,"column":22}},"loc":{"start":{"line":93,"column":41},"end":{"line":109,"column":1}},"line":93},"5":{"name":"(anonymous_5)","decl":{"start":{"line":111,"column":21},"end":{"line":111,"column":22}},"loc":{"start":{"line":111,"column":41},"end":{"line":124,"column":1}},"line":111},"6":{"name":"(anonymous_6)","decl":{"start":{"line":126,"column":30},"end":{"line":126,"column":31}},"loc":{"start":{"line":126,"column":50},"end":{"line":136,"column":1}},"line":126},"7":{"name":"(anonymous_7)","decl":{"start":{"line":138,"column":20},"end":{"line":138,"column":21}},"loc":{"start":{"line":138,"column":40},"end":{"line":155,"column":1}},"line":138},"8":{"name":"(anonymous_8)","decl":{"start":{"line":157,"column":24},"end":{"line":157,"column":25}},"loc":{"start":{"line":157,"column":44},"end":{"line":164,"column":1}},"line":157},"9":{"name":"(anonymous_9)","decl":{"start":{"line":166,"column":19},"end":{"line":166,"column":20}},"loc":{"start":{"line":166,"column":39},"end":{"line":173,"column":1}},"line":166},"10":{"name":"(anonymous_10)","decl":{"start":{"line":175,"column":22},"end":{"line":175,"column":23}},"loc":{"start":{"line":175,"column":42},"end":{"line":188,"column":1}},"line":175}},"branchMap":{"0":{"loc":{"start":{"line":35,"column":33},"end":{"line":35,"column":45}},"type":"default-arg","locations":[{"start":{"line":35,"column":42},"end":{"line":35,"column":45}}],"line":35},"1":{"loc":{"start":{"line":35,"column":47},"end":{"line":35,"column":70}},"type":"default-arg","locations":[{"start":{"line":35,"column":54},"end":{"line":35,"column":70}}],"line":35},"2":{"loc":{"start":{"line":47,"column":8},"end":{"line":47,"column":55}},"type":"if","locations":[{"start":{"line":47,"column":8},"end":{"line":47,"column":55}},{"start":{},"end":{}}],"line":47},"3":{"loc":{"start":{"line":59,"column":8},"end":{"line":59,"column":55}},"type":"if","locations":[{"start":{"line":59,"column":8},"end":{"line":59,"column":55}},{"start":{},"end":{}}],"line":59},"4":{"loc":{"start":{"line":82,"column":8},"end":{"line":82,"column":55}},"type":"if","locations":[{"start":{"line":82,"column":8},"end":{"line":82,"column":55}},{"start":{},"end":{}}],"line":82},"5":{"loc":{"start":{"line":85,"column":8},"end":{"line":85,"column":98}},"type":"if","locations":[{"start":{"line":85,"column":8},"end":{"line":85,"column":98}},{"start":{},"end":{}}],"line":85},"6":{"loc":{"start":{"line":96,"column":8},"end":{"line":96,"column":55}},"type":"if","locations":[{"start":{"line":96,"column":8},"end":{"line":96,"column":55}},{"start":{},"end":{}}],"line":96},"7":{"loc":{"start":{"line":99,"column":8},"end":{"line":99,"column":55}},"type":"if","locations":[{"start":{"line":99,"column":8},"end":{"line":99,"column":55}},{"start":{},"end":{}}],"line":99},"8":{"loc":{"start":{"line":104,"column":8},"end":{"line":106,"column":9}},"type":"if","locations":[{"start":{"line":104,"column":8},"end":{"line":106,"column":9}},{"start":{},"end":{}}],"line":104},"9":{"loc":{"start":{"line":104,"column":12},"end":{"line":104,"column":75}},"type":"binary-expr","locations":[{"start":{"line":104,"column":12},"end":{"line":104,"column":46}},{"start":{"line":104,"column":50},"end":{"line":104,"column":75}}],"line":104},"10":{"loc":{"start":{"line":114,"column":8},"end":{"line":114,"column":55}},"type":"if","locations":[{"start":{"line":114,"column":8},"end":{"line":114,"column":55}},{"start":{},"end":{}}],"line":114},"11":{"loc":{"start":{"line":119,"column":8},"end":{"line":121,"column":9}},"type":"if","locations":[{"start":{"line":119,"column":8},"end":{"line":121,"column":9}},{"start":{},"end":{}}],"line":119},"12":{"loc":{"start":{"line":129,"column":8},"end":{"line":129,"column":55}},"type":"if","locations":[{"start":{"line":129,"column":8},"end":{"line":129,"column":55}},{"start":{},"end":{}}],"line":129},"13":{"loc":{"start":{"line":141,"column":8},"end":{"line":141,"column":55}},"type":"if","locations":[{"start":{"line":141,"column":8},"end":{"line":141,"column":55}},{"start":{},"end":{}}],"line":141},"14":{"loc":{"start":{"line":146,"column":29},"end":{"line":146,"column":67}},"type":"cond-expr","locations":[{"start":{"line":146,"column":46},"end":{"line":146,"column":54}},{"start":{"line":146,"column":57},"end":{"line":146,"column":67}}],"line":146},"15":{"loc":{"start":{"line":150,"column":8},"end":{"line":152,"column":9}},"type":"if","locations":[{"start":{"line":150,"column":8},"end":{"line":152,"column":9}},{"start":{},"end":{}}],"line":150},"16":{"loc":{"start":{"line":178,"column":8},"end":{"line":178,"column":55}},"type":"if","locations":[{"start":{"line":178,"column":8},"end":{"line":178,"column":55}},{"start":{},"end":{}}],"line":178},"17":{"loc":{"start":{"line":183,"column":8},"end":{"line":185,"column":9}},"type":"if","locations":[{"start":{"line":183,"column":8},"end":{"line":185,"column":9}},{"start":{},"end":{}}],"line":183}},"s":{"0":3,"1":3,"2":3,"3":3,"4":3,"5":3,"6":3,"7":3,"8":3,"9":3,"10":3,"11":2,"12":2,"13":2,"14":1,"15":1,"16":1,"17":0,"18":3,"19":1,"20":1,"21":1,"22":0,"23":1,"24":1,"25":1,"26":0,"27":3,"28":0,"29":0,"30":0,"31":0,"32":0,"33":0,"34":0,"35":0,"36":0,"37":3,"38":1,"39":1,"40":1,"41":1,"42":0,"43":0,"44":0,"45":0,"46":0,"47":0,"48":0,"49":0,"50":3,"51":1,"52":1,"53":1,"54":1,"55":0,"56":0,"57":0,"58":0,"59":0,"60":3,"61":0,"62":0,"63":0,"64":0,"65":0,"66":0,"67":0,"68":3,"69":0,"70":0,"71":0,"72":0,"73":0,"74":0,"75":0,"76":0,"77":0,"78":3,"79":0,"80":0,"81":0,"82":0,"83":3,"84":0,"85":0,"86":0,"87":0,"88":3,"89":0,"90":0,"91":0,"92":0,"93":0,"94":0,"95":0,"96":0,"97":0},"f":{"0":3,"1":2,"2":1,"3":0,"4":1,"5":1,"6":0,"7":0,"8":0,"9":0,"10":0},"b":{"0":[0],"1":[3],"2":[1,1],"3":[0,1],"4":[0,0],"5":[0,0],"6":[1,0],"7":[0,0],"8":[0,0],"9":[0,0],"10":[1,0],"11":[0,0],"12":[0,0],"13":[0,0],"14":[0,0],"15":[0,0],"16":[0,0],"17":[0,0]},"_coverageSchema":"1a1c01bbd47fc00a2c39e90264f33305004495a9","hash":"3b24ae46dedc41120969de564da5e22ad2cd9870","contentHash":"86ad4a44fa317fe780ca10ffd9392063deecdbdd8c9240c216052b188c010b35"},"D:\\10 Pearls\\cohort-9-mern-9161-bakhtiar\\backend\\src\\models\\note.model.js":{"path":"D:\\10 Pearls\\cohort-9-mern-9161-bakhtiar\\backend\\src\\models\\note.model.js","statementMap":{"0":{"start":{"line":1,"column":22},"end":{"line":1,"column":61}},"1":{"start":{"line":2,"column":15},"end":{"line":2,"column":35}},"2":{"start":{"line":6,"column":8},"end":{"line":33,"column":9}},"3":{"start":{"line":7,"column":12},"end":{"line":7,"column":64}},"4":{"start":{"line":7,"column":30},"end":{"line":7,"column":64}},"5":{"start":{"line":9,"column":29},"end":{"line":9,"column":49}},"6":{"start":{"line":11,"column":28},"end":{"line":19,"column":13}},"7":{"start":{"line":21,"column":42},"end":{"line":25,"column":25}},"8":{"start":{"line":27,"column":12},"end":{"line":27,"column":35}},"9":{"start":{"line":27,"column":23},"end":{"line":27,"column":35}},"10":{"start":{"line":28,"column":12},"end":{"line":28,"column":52}},"11":{"start":{"line":29,"column":12},"end":{"line":29,"column":24}},"12":{"start":{"line":31,"column":12},"end":{"line":31,"column":70}},"13":{"start":{"line":32,"column":12},"end":{"line":32,"column":24}},"14":{"start":{"line":37,"column":8},"end":{"line":79,"column":9}},"15":{"start":{"line":38,"column":29},"end":{"line":38,"column":49}},"16":{"start":{"line":40,"column":24},"end":{"line":40,"column":78}},"17":{"start":{"line":42,"column":12},"end":{"line":46,"column":13}},"18":{"start":{"line":43,"column":16},"end":{"line":43,"column":53}},"19":{"start":{"line":44,"column":19},"end":{"line":46,"column":13}},"20":{"start":{"line":45,"column":16},"end":{"line":45,"column":54}},"21":{"start":{"line":48,"column":12},"end":{"line":50,"column":13}},"22":{"start":{"line":49,"column":16},"end":{"line":49,"column":63}},"23":{"start":{"line":52,"column":12},"end":{"line":56,"column":13}},"24":{"start":{"line":53,"column":34},"end":{"line":53,"column":77}},"25":{"start":{"line":54,"column":29},"end":{"line":54,"column":45}},"26":{"start":{"line":55,"column":16},"end":{"line":55,"column":78}},"27":{"start":{"line":57,"column":12},"end":{"line":57,"column":67}},"28":{"start":{"line":59,"column":12},"end":{"line":65,"column":13}},"29":{"start":{"line":60,"column":16},"end":{"line":60,"column":71}},"30":{"start":{"line":61,"column":19},"end":{"line":65,"column":13}},"31":{"start":{"line":62,"column":16},"end":{"line":62,"column":72}},"32":{"start":{"line":64,"column":16},"end":{"line":64,"column":72}},"33":{"start":{"line":67,"column":25},"end":{"line":67,"column":42}},"34":{"start":{"line":68,"column":26},"end":{"line":68,"column":45}},"35":{"start":{"line":69,"column":26},"end":{"line":69,"column":44}},"36":{"start":{"line":70,"column":24},"end":{"line":70,"column":41}},"37":{"start":{"line":71,"column":12},"end":{"line":71,"column":44}},"38":{"start":{"line":73,"column":43},"end":{"line":73,"column":54}},"39":{"start":{"line":74,"column":12},"end":{"line":74,"column":35}},"40":{"start":{"line":74,"column":23},"end":{"line":74,"column":35}},"41":{"start":{"line":75,"column":12},"end":{"line":75,"column":59}},"42":{"start":{"line":77,"column":12},"end":{"line":77,"column":71}},"43":{"start":{"line":78,"column":12},"end":{"line":78,"column":24}},"44":{"start":{"line":83,"column":8},"end":{"line":103,"column":9}},"45":{"start":{"line":84,"column":29},"end":{"line":84,"column":49}},"46":{"start":{"line":86,"column":24},"end":{"line":86,"column":75}},"47":{"start":{"line":88,"column":12},"end":{"line":90,"column":13}},"48":{"start":{"line":89,"column":16},"end":{"line":89,"column":54}},"49":{"start":{"line":92,"column":36},"end":{"line":92,"column":56}},"50":{"start":{"line":93,"column":12},"end":{"line":96,"column":13}},"51":{"start":{"line":94,"column":16},"end":{"line":94,"column":59}},"52":{"start":{"line":94,"column":47},"end":{"line":94,"column":59}},"53":{"start":{"line":95,"column":16},"end":{"line":95,"column":28}},"54":{"start":{"line":97,"column":12},"end":{"line":97,"column":24}},"55":{"start":{"line":99,"column":12},"end":{"line":101,"column":13}},"56":{"start":{"line":100,"column":16},"end":{"line":100,"column":76}},"57":{"start":{"line":102,"column":12},"end":{"line":102,"column":24}},"58":{"start":{"line":107,"column":8},"end":{"line":138,"column":9}},"59":{"start":{"line":108,"column":12},"end":{"line":110,"column":13}},"60":{"start":{"line":109,"column":16},"end":{"line":109,"column":55}},"61":{"start":{"line":112,"column":25},"end":{"line":112,"column":39}},"62":{"start":{"line":113,"column":12},"end":{"line":113,"column":27}},"63":{"start":{"line":114,"column":12},"end":{"line":114,"column":32}},"64":{"start":{"line":115,"column":12},"end":{"line":115,"column":35}},"65":{"start":{"line":116,"column":12},"end":{"line":116,"column":34}},"66":{"start":{"line":118,"column":12},"end":{"line":121,"column":13}},"67":{"start":{"line":119,"column":16},"end":{"line":119,"column":47}},"68":{"start":{"line":120,"column":16},"end":{"line":120,"column":74}},"69":{"start":{"line":120,"column":33},"end":{"line":120,"column":74}},"70":{"start":{"line":123,"column":29},"end":{"line":123,"column":49}},"71":{"start":{"line":125,"column":36},"end":{"line":130,"column":25}},"72":{"start":{"line":132,"column":12},"end":{"line":132,"column":35}},"73":{"start":{"line":132,"column":23},"end":{"line":132,"column":35}},"74":{"start":{"line":133,"column":12},"end":{"line":133,"column":51}},"75":{"start":{"line":134,"column":12},"end":{"line":134,"column":24}},"76":{"start":{"line":136,"column":12},"end":{"line":136,"column":70}},"77":{"start":{"line":137,"column":12},"end":{"line":137,"column":24}},"78":{"start":{"line":142,"column":8},"end":{"line":160,"column":9}},"79":{"start":{"line":143,"column":25},"end":{"line":143,"column":59}},"80":{"start":{"line":144,"column":12},"end":{"line":144,"column":57}},"81":{"start":{"line":144,"column":23},"end":{"line":144,"column":57}},"82":{"start":{"line":145,"column":12},"end":{"line":145,"column":73}},"83":{"start":{"line":145,"column":33},"end":{"line":145,"column":73}},"84":{"start":{"line":147,"column":29},"end":{"line":147,"column":49}},"85":{"start":{"line":149,"column":30},"end":{"line":152,"column":33}},"86":{"start":{"line":154,"column":12},"end":{"line":154,"column":35}},"87":{"start":{"line":154,"column":23},"end":{"line":154,"column":35}},"88":{"start":{"line":155,"column":12},"end":{"line":155,"column":51}},"89":{"start":{"line":156,"column":12},"end":{"line":156,"column":24}},"90":{"start":{"line":158,"column":12},"end":{"line":158,"column":74}},"91":{"start":{"line":159,"column":12},"end":{"line":159,"column":24}},"92":{"start":{"line":164,"column":8},"end":{"line":184,"column":9}},"93":{"start":{"line":165,"column":25},"end":{"line":165,"column":65}},"94":{"start":{"line":166,"column":12},"end":{"line":166,"column":57}},"95":{"start":{"line":166,"column":23},"end":{"line":166,"column":57}},"96":{"start":{"line":167,"column":12},"end":{"line":167,"column":73}},"97":{"start":{"line":167,"column":34},"end":{"line":167,"column":73}},"98":{"start":{"line":169,"column":29},"end":{"line":169,"column":49}},"99":{"start":{"line":171,"column":36},"end":{"line":176,"column":25}},"100":{"start":{"line":178,"column":12},"end":{"line":178,"column":35}},"101":{"start":{"line":178,"column":23},"end":{"line":178,"column":35}},"102":{"start":{"line":179,"column":12},"end":{"line":179,"column":52}},"103":{"start":{"line":180,"column":12},"end":{"line":180,"column":24}},"104":{"start":{"line":182,"column":12},"end":{"line":182,"column":71}},"105":{"start":{"line":183,"column":12},"end":{"line":183,"column":24}},"106":{"start":{"line":188,"column":8},"end":{"line":202,"column":9}},"107":{"start":{"line":189,"column":29},"end":{"line":189,"column":49}},"108":{"start":{"line":191,"column":30},"end":{"line":194,"column":33}},"109":{"start":{"line":196,"column":12},"end":{"line":196,"column":35}},"110":{"start":{"line":196,"column":23},"end":{"line":196,"column":35}},"111":{"start":{"line":197,"column":12},"end":{"line":197,"column":63}},"112":{"start":{"line":198,"column":12},"end":{"line":198,"column":24}},"113":{"start":{"line":200,"column":12},"end":{"line":200,"column":74}},"114":{"start":{"line":201,"column":12},"end":{"line":201,"column":24}},"115":{"start":{"line":206,"column":8},"end":{"line":225,"column":9}},"116":{"start":{"line":207,"column":25},"end":{"line":207,"column":59}},"117":{"start":{"line":208,"column":12},"end":{"line":208,"column":57}},"118":{"start":{"line":208,"column":23},"end":{"line":208,"column":57}},"119":{"start":{"line":210,"column":29},"end":{"line":210,"column":49}},"120":{"start":{"line":212,"column":36},"end":{"line":217,"column":25}},"121":{"start":{"line":219,"column":12},"end":{"line":219,"column":35}},"122":{"start":{"line":219,"column":23},"end":{"line":219,"column":35}},"123":{"start":{"line":220,"column":12},"end":{"line":220,"column":55}},"124":{"start":{"line":221,"column":12},"end":{"line":221,"column":24}},"125":{"start":{"line":223,"column":12},"end":{"line":223,"column":73}},"126":{"start":{"line":224,"column":12},"end":{"line":224,"column":24}},"127":{"start":{"line":229,"column":8},"end":{"line":243,"column":9}},"128":{"start":{"line":230,"column":29},"end":{"line":230,"column":49}},"129":{"start":{"line":232,"column":36},"end":{"line":236,"column":44}},"130":{"start":{"line":238,"column":12},"end":{"line":238,"column":35}},"131":{"start":{"line":238,"column":23},"end":{"line":238,"column":35}},"132":{"start":{"line":239,"column":12},"end":{"line":239,"column":90}},"133":{"start":{"line":239,"column":50},"end":{"line":239,"column":63}},"134":{"start":{"line":241,"column":12},"end":{"line":241,"column":77}},"135":{"start":{"line":242,"column":12},"end":{"line":242,"column":24}},"136":{"start":{"line":247,"column":8},"end":{"line":292,"column":9}},"137":{"start":{"line":248,"column":29},"end":{"line":248,"column":49}},"138":{"start":{"line":250,"column":36},"end":{"line":252,"column":28}},"139":{"start":{"line":254,"column":12},"end":{"line":254,"column":35}},"140":{"start":{"line":254,"column":23},"end":{"line":254,"column":35}},"141":{"start":{"line":256,"column":27},"end":{"line":256,"column":60}},"142":{"start":{"line":256,"column":46},"end":{"line":256,"column":59}},"143":{"start":{"line":257,"column":27},"end":{"line":257,"column":60}},"144":{"start":{"line":257,"column":48},"end":{"line":257,"column":59}},"145":{"start":{"line":259,"column":25},"end":{"line":259,"column":27}},"146":{"start":{"line":260,"column":12},"end":{"line":263,"column":15}},"147":{"start":{"line":261,"column":26},"end":{"line":261,"column":55}},"148":{"start":{"line":262,"column":16},"end":{"line":262,"column":45}},"149":{"start":{"line":265,"column":25},"end":{"line":265,"column":27}},"150":{"start":{"line":266,"column":12},"end":{"line":268,"column":15}},"151":{"start":{"line":267,"column":16},"end":{"line":267,"column":85}},"152":{"start":{"line":267,"column":28},"end":{"line":267,"column":85}},"153":{"start":{"line":267,"column":52},"end":{"line":267,"column":81}},"154":{"start":{"line":270,"column":27},"end":{"line":270,"column":102}},"155":{"start":{"line":270,"column":54},"end":{"line":270,"column":101}},"156":{"start":{"line":272,"column":12},"end":{"line":288,"column":14}},"157":{"start":{"line":280,"column":36},"end":{"line":280,"column":47}},"158":{"start":{"line":282,"column":38},"end":{"line":282,"column":58}},"159":{"start":{"line":283,"column":55},"end":{"line":287,"column":17}},"160":{"start":{"line":290,"column":12},"end":{"line":290,"column":72}},"161":{"start":{"line":291,"column":12},"end":{"line":291,"column":24}},"162":{"start":{"line":296,"column":0},"end":{"line":296,"column":27}}},"fnMap":{"0":{"name":"(anonymous_0)","decl":{"start":{"line":5,"column":4},"end":{"line":5,"column":5}},"loc":{"start":{"line":5,"column":45},"end":{"line":34,"column":5}},"line":5},"1":{"name":"(anonymous_1)","decl":{"start":{"line":36,"column":4},"end":{"line":36,"column":5}},"loc":{"start":{"line":36,"column":46},"end":{"line":80,"column":5}},"line":36},"2":{"name":"(anonymous_2)","decl":{"start":{"line":82,"column":4},"end":{"line":82,"column":5}},"loc":{"start":{"line":82,"column":65},"end":{"line":104,"column":5}},"line":82},"3":{"name":"(anonymous_3)","decl":{"start":{"line":106,"column":4},"end":{"line":106,"column":5}},"loc":{"start":{"line":106,"column":48},"end":{"line":139,"column":5}},"line":106},"4":{"name":"(anonymous_4)","decl":{"start":{"line":141,"column":4},"end":{"line":141,"column":5}},"loc":{"start":{"line":141,"column":43},"end":{"line":161,"column":5}},"line":141},"5":{"name":"(anonymous_5)","decl":{"start":{"line":163,"column":4},"end":{"line":163,"column":5}},"loc":{"start":{"line":163,"column":40},"end":{"line":185,"column":5}},"line":163},"6":{"name":"(anonymous_6)","decl":{"start":{"line":187,"column":4},"end":{"line":187,"column":5}},"loc":{"start":{"line":187,"column":43},"end":{"line":203,"column":5}},"line":187},"7":{"name":"(anonymous_7)","decl":{"start":{"line":205,"column":4},"end":{"line":205,"column":5}},"loc":{"start":{"line":205,"column":42},"end":{"line":226,"column":5}},"line":205},"8":{"name":"(anonymous_8)","decl":{"start":{"line":228,"column":4},"end":{"line":228,"column":5}},"loc":{"start":{"line":228,"column":38},"end":{"line":244,"column":5}},"line":228},"9":{"name":"(anonymous_9)","decl":{"start":{"line":239,"column":40},"end":{"line":239,"column":41}},"loc":{"start":{"line":239,"column":50},"end":{"line":239,"column":63}},"line":239},"10":{"name":"(anonymous_10)","decl":{"start":{"line":246,"column":4},"end":{"line":246,"column":5}},"loc":{"start":{"line":246,"column":33},"end":{"line":293,"column":5}},"line":246},"11":{"name":"(anonymous_11)","decl":{"start":{"line":256,"column":39},"end":{"line":256,"column":40}},"loc":{"start":{"line":256,"column":46},"end":{"line":256,"column":59}},"line":256},"12":{"name":"(anonymous_12)","decl":{"start":{"line":257,"column":41},"end":{"line":257,"column":42}},"loc":{"start":{"line":257,"column":48},"end":{"line":257,"column":59}},"line":257},"13":{"name":"(anonymous_13)","decl":{"start":{"line":260,"column":27},"end":{"line":260,"column":28}},"loc":{"start":{"line":260,"column":34},"end":{"line":263,"column":13}},"line":260},"14":{"name":"(anonymous_14)","decl":{"start":{"line":266,"column":27},"end":{"line":266,"column":28}},"loc":{"start":{"line":266,"column":34},"end":{"line":268,"column":13}},"line":266},"15":{"name":"(anonymous_15)","decl":{"start":{"line":267,"column":43},"end":{"line":267,"column":44}},"loc":{"start":{"line":267,"column":50},"end":{"line":267,"column":83}},"line":267},"16":{"name":"(anonymous_16)","decl":{"start":{"line":270,"column":44},"end":{"line":270,"column":45}},"loc":{"start":{"line":270,"column":54},"end":{"line":270,"column":101}},"line":270},"17":{"name":"(anonymous_17)","decl":{"start":{"line":280,"column":26},"end":{"line":280,"column":27}},"loc":{"start":{"line":280,"column":36},"end":{"line":280,"column":47}},"line":280},"18":{"name":"(anonymous_18)","decl":{"start":{"line":282,"column":25},"end":{"line":282,"column":26}},"loc":{"start":{"line":282,"column":38},"end":{"line":282,"column":58}},"line":282},"19":{"name":"(anonymous_19)","decl":{"start":{"line":283,"column":47},"end":{"line":283,"column":48}},"loc":{"start":{"line":283,"column":55},"end":{"line":287,"column":17}},"line":283}},"branchMap":{"0":{"loc":{"start":{"line":7,"column":12},"end":{"line":7,"column":64}},"type":"if","locations":[{"start":{"line":7,"column":12},"end":{"line":7,"column":64}},{"start":{},"end":{}}],"line":7},"1":{"loc":{"start":{"line":14,"column":25},"end":{"line":14,"column":43}},"type":"binary-expr","locations":[{"start":{"line":14,"column":25},"end":{"line":14,"column":37}},{"start":{"line":14,"column":41},"end":{"line":14,"column":43}}],"line":14},"2":{"loc":{"start":{"line":15,"column":26},"end":{"line":15,"column":52}},"type":"binary-expr","locations":[{"start":{"line":15,"column":26},"end":{"line":15,"column":39}},{"start":{"line":15,"column":43},"end":{"line":15,"column":52}}],"line":15},"3":{"loc":{"start":{"line":16,"column":22},"end":{"line":16,"column":37}},"type":"binary-expr","locations":[{"start":{"line":16,"column":22},"end":{"line":16,"column":31}},{"start":{"line":16,"column":35},"end":{"line":16,"column":37}}],"line":16},"4":{"loc":{"start":{"line":17,"column":27},"end":{"line":17,"column":50}},"type":"binary-expr","locations":[{"start":{"line":17,"column":27},"end":{"line":17,"column":41}},{"start":{"line":17,"column":45},"end":{"line":17,"column":50}}],"line":17},"5":{"loc":{"start":{"line":27,"column":12},"end":{"line":27,"column":35}},"type":"if","locations":[{"start":{"line":27,"column":12},"end":{"line":27,"column":35}},{"start":{},"end":{}}],"line":27},"6":{"loc":{"start":{"line":36,"column":32},"end":{"line":36,"column":44}},"type":"default-arg","locations":[{"start":{"line":36,"column":42},"end":{"line":36,"column":44}}],"line":36},"7":{"loc":{"start":{"line":42,"column":12},"end":{"line":46,"column":13}},"type":"if","locations":[{"start":{"line":42,"column":12},"end":{"line":46,"column":13}},{"start":{"line":44,"column":19},"end":{"line":46,"column":13}}],"line":42},"8":{"loc":{"start":{"line":44,"column":19},"end":{"line":46,"column":13}},"type":"if","locations":[{"start":{"line":44,"column":19},"end":{"line":46,"column":13}},{"start":{},"end":{}}],"line":44},"9":{"loc":{"start":{"line":48,"column":12},"end":{"line":50,"column":13}},"type":"if","locations":[{"start":{"line":48,"column":12},"end":{"line":50,"column":13}},{"start":{},"end":{}}],"line":48},"10":{"loc":{"start":{"line":52,"column":12},"end":{"line":56,"column":13}},"type":"if","locations":[{"start":{"line":52,"column":12},"end":{"line":56,"column":13}},{"start":{},"end":{}}],"line":52},"11":{"loc":{"start":{"line":59,"column":12},"end":{"line":65,"column":13}},"type":"if","locations":[{"start":{"line":59,"column":12},"end":{"line":65,"column":13}},{"start":{"line":61,"column":19},"end":{"line":65,"column":13}}],"line":59},"12":{"loc":{"start":{"line":61,"column":19},"end":{"line":65,"column":13}},"type":"if","locations":[{"start":{"line":61,"column":19},"end":{"line":65,"column":13}},{"start":{"line":63,"column":19},"end":{"line":65,"column":13}}],"line":61},"13":{"loc":{"start":{"line":67,"column":25},"end":{"line":67,"column":42}},"type":"binary-expr","locations":[{"start":{"line":67,"column":25},"end":{"line":67,"column":37}},{"start":{"line":67,"column":41},"end":{"line":67,"column":42}}],"line":67},"14":{"loc":{"start":{"line":68,"column":26},"end":{"line":68,"column":45}},"type":"binary-expr","locations":[{"start":{"line":68,"column":26},"end":{"line":68,"column":39}},{"start":{"line":68,"column":43},"end":{"line":68,"column":45}}],"line":68},"15":{"loc":{"start":{"line":74,"column":12},"end":{"line":74,"column":35}},"type":"if","locations":[{"start":{"line":74,"column":12},"end":{"line":74,"column":35}},{"start":{},"end":{}}],"line":74},"16":{"loc":{"start":{"line":75,"column":27},"end":{"line":75,"column":37}},"type":"binary-expr","locations":[{"start":{"line":75,"column":27},"end":{"line":75,"column":31}},{"start":{"line":75,"column":35},"end":{"line":75,"column":37}}],"line":75},"17":{"loc":{"start":{"line":75,"column":46},"end":{"line":75,"column":56}},"type":"binary-expr","locations":[{"start":{"line":75,"column":46},"end":{"line":75,"column":51}},{"start":{"line":75,"column":55},"end":{"line":75,"column":56}}],"line":75},"18":{"loc":{"start":{"line":82,"column":41},"end":{"line":82,"column":63}},"type":"default-arg","locations":[{"start":{"line":82,"column":58},"end":{"line":82,"column":63}}],"line":82},"19":{"loc":{"start":{"line":88,"column":12},"end":{"line":90,"column":13}},"type":"if","locations":[{"start":{"line":88,"column":12},"end":{"line":90,"column":13}},{"start":{},"end":{}}],"line":88},"20":{"loc":{"start":{"line":93,"column":12},"end":{"line":96,"column":13}},"type":"if","locations":[{"start":{"line":93,"column":12},"end":{"line":96,"column":13}},{"start":{},"end":{}}],"line":93},"21":{"loc":{"start":{"line":94,"column":16},"end":{"line":94,"column":59}},"type":"if","locations":[{"start":{"line":94,"column":16},"end":{"line":94,"column":59}},{"start":{},"end":{}}],"line":94},"22":{"loc":{"start":{"line":99,"column":12},"end":{"line":101,"column":13}},"type":"if","locations":[{"start":{"line":99,"column":12},"end":{"line":101,"column":13}},{"start":{},"end":{}}],"line":99},"23":{"loc":{"start":{"line":108,"column":12},"end":{"line":110,"column":13}},"type":"if","locations":[{"start":{"line":108,"column":12},"end":{"line":110,"column":13}},{"start":{},"end":{}}],"line":108},"24":{"loc":{"start":{"line":108,"column":16},"end":{"line":108,"column":56}},"type":"binary-expr","locations":[{"start":{"line":108,"column":16},"end":{"line":108,"column":24}},{"start":{"line":108,"column":28},"end":{"line":108,"column":56}}],"line":108},"25":{"loc":{"start":{"line":118,"column":12},"end":{"line":121,"column":13}},"type":"if","locations":[{"start":{"line":118,"column":12},"end":{"line":121,"column":13}},{"start":{},"end":{}}],"line":118},"26":{"loc":{"start":{"line":120,"column":16},"end":{"line":120,"column":74}},"type":"if","locations":[{"start":{"line":120,"column":16},"end":{"line":120,"column":74}},{"start":{},"end":{}}],"line":120},"27":{"loc":{"start":{"line":132,"column":12},"end":{"line":132,"column":35}},"type":"if","locations":[{"start":{"line":132,"column":12},"end":{"line":132,"column":35}},{"start":{},"end":{}}],"line":132},"28":{"loc":{"start":{"line":144,"column":12},"end":{"line":144,"column":57}},"type":"if","locations":[{"start":{"line":144,"column":12},"end":{"line":144,"column":57}},{"start":{},"end":{}}],"line":144},"29":{"loc":{"start":{"line":145,"column":12},"end":{"line":145,"column":73}},"type":"if","locations":[{"start":{"line":145,"column":12},"end":{"line":145,"column":73}},{"start":{},"end":{}}],"line":145},"30":{"loc":{"start":{"line":154,"column":12},"end":{"line":154,"column":35}},"type":"if","locations":[{"start":{"line":154,"column":12},"end":{"line":154,"column":35}},{"start":{},"end":{}}],"line":154},"31":{"loc":{"start":{"line":166,"column":12},"end":{"line":166,"column":57}},"type":"if","locations":[{"start":{"line":166,"column":12},"end":{"line":166,"column":57}},{"start":{},"end":{}}],"line":166},"32":{"loc":{"start":{"line":167,"column":12},"end":{"line":167,"column":73}},"type":"if","locations":[{"start":{"line":167,"column":12},"end":{"line":167,"column":73}},{"start":{},"end":{}}],"line":167},"33":{"loc":{"start":{"line":178,"column":12},"end":{"line":178,"column":35}},"type":"if","locations":[{"start":{"line":178,"column":12},"end":{"line":178,"column":35}},{"start":{},"end":{}}],"line":178},"34":{"loc":{"start":{"line":196,"column":12},"end":{"line":196,"column":35}},"type":"if","locations":[{"start":{"line":196,"column":12},"end":{"line":196,"column":35}},{"start":{},"end":{}}],"line":196},"35":{"loc":{"start":{"line":208,"column":12},"end":{"line":208,"column":57}},"type":"if","locations":[{"start":{"line":208,"column":12},"end":{"line":208,"column":57}},{"start":{},"end":{}}],"line":208},"36":{"loc":{"start":{"line":219,"column":12},"end":{"line":219,"column":35}},"type":"if","locations":[{"start":{"line":219,"column":12},"end":{"line":219,"column":35}},{"start":{},"end":{}}],"line":219},"37":{"loc":{"start":{"line":238,"column":12},"end":{"line":238,"column":35}},"type":"if","locations":[{"start":{"line":238,"column":12},"end":{"line":238,"column":35}},{"start":{},"end":{}}],"line":238},"38":{"loc":{"start":{"line":254,"column":12},"end":{"line":254,"column":35}},"type":"if","locations":[{"start":{"line":254,"column":12},"end":{"line":254,"column":35}},{"start":{},"end":{}}],"line":254},"39":{"loc":{"start":{"line":261,"column":26},"end":{"line":261,"column":55}},"type":"binary-expr","locations":[{"start":{"line":261,"column":26},"end":{"line":261,"column":36}},{"start":{"line":261,"column":40},"end":{"line":261,"column":55}}],"line":261},"40":{"loc":{"start":{"line":262,"column":27},"end":{"line":262,"column":39}},"type":"binary-expr","locations":[{"start":{"line":262,"column":27},"end":{"line":262,"column":34}},{"start":{"line":262,"column":38},"end":{"line":262,"column":39}}],"line":262},"41":{"loc":{"start":{"line":267,"column":16},"end":{"line":267,"column":85}},"type":"if","locations":[{"start":{"line":267,"column":16},"end":{"line":267,"column":85}},{"start":{},"end":{}}],"line":267},"42":{"loc":{"start":{"line":267,"column":63},"end":{"line":267,"column":75}},"type":"binary-expr","locations":[{"start":{"line":267,"column":63},"end":{"line":267,"column":70}},{"start":{"line":267,"column":74},"end":{"line":267,"column":75}}],"line":267}},"s":{"0":3,"1":3,"2":1,"3":1,"4":0,"5":1,"6":1,"7":1,"8":1,"9":0,"10":1,"11":1,"12":0,"13":0,"14":1,"15":1,"16":1,"17":1,"18":0,"19":1,"20":1,"21":1,"22":0,"23":1,"24":0,"25":0,"26":0,"27":1,"28":1,"29":0,"30":1,"31":0,"32":1,"33":1,"34":1,"35":1,"36":1,"37":1,"38":1,"39":1,"40":0,"41":1,"42":0,"43":0,"44":0,"45":0,"46":0,"47":0,"48":0,"49":0,"50":0,"51":0,"52":0,"53":0,"54":0,"55":0,"56":0,"57":0,"58":0,"59":0,"60":0,"61":0,"62":0,"63":0,"64":0,"65":0,"66":0,"67":0,"68":0,"69":0,"70":0,"71":0,"72":0,"73":0,"74":0,"75":0,"76":0,"77":0,"78":0,"79":0,"80":0,"81":0,"82":0,"83":0,"84":0,"85":0,"86":0,"87":0,"88":0,"89":0,"90":0,"91":0,"92":0,"93":0,"94":0,"95":0,"96":0,"97":0,"98":0,"99":0,"100":0,"101":0,"102":0,"103":0,"104":0,"105":0,"106":0,"107":0,"108":0,"109":0,"110":0,"111":0,"112":0,"113":0,"114":0,"115":0,"116":0,"117":0,"118":0,"119":0,"120":0,"121":0,"122":0,"123":0,"124":0,"125":0,"126":0,"127":0,"128":0,"129":0,"130":0,"131":0,"132":0,"133":0,"134":0,"135":0,"136":0,"137":0,"138":0,"139":0,"140":0,"141":0,"142":0,"143":0,"144":0,"145":0,"146":0,"147":0,"148":0,"149":0,"150":0,"151":0,"152":0,"153":0,"154":0,"155":0,"156":0,"157":0,"158":0,"159":0,"160":0,"161":0,"162":3},"f":{"0":1,"1":1,"2":0,"3":0,"4":0,"5":0,"6":0,"7":0,"8":0,"9":0,"10":0,"11":0,"12":0,"13":0,"14":0,"15":0,"16":0,"17":0,"18":0,"19":0},"b":{"0":[0,1],"1":[1,0],"2":[1,1],"3":[1,1],"4":[1,1],"5":[0,1],"6":[0],"7":[0,1],"8":[1,0],"9":[0,1],"10":[0,1],"11":[0,1],"12":[0,1],"13":[1,0],"14":[1,0],"15":[0,1],"16":[1,0],"17":[1,0],"18":[0],"19":[0,0],"20":[0,0],"21":[0,0],"22":[0,0],"23":[0,0],"24":[0,0],"25":[0,0],"26":[0,0],"27":[0,0],"28":[0,0],"29":[0,0],"30":[0,0],"31":[0,0],"32":[0,0],"33":[0,0],"34":[0,0],"35":[0,0],"36":[0,0],"37":[0,0],"38":[0,0],"39":[0,0],"40":[0,0],"41":[0,0],"42":[0,0]},"_coverageSchema":"1a1c01bbd47fc00a2c39e90264f33305004495a9","hash":"8a3fb87d0f3710940827ff046eb17339a376132a","contentHash":"bb471bb8d6972ea6cbc1b9a9cd74a86f47af018878769827eb9d8c101b4914cd"},"D:\\10 Pearls\\cohort-9-mern-9161-bakhtiar\\backend\\src\\config\\supabaseUserClient.js":{"path":"D:\\10 Pearls\\cohort-9-mern-9161-bakhtiar\\backend\\src\\config\\supabaseUserClient.js","statementMap":{"0":{"start":{"line":1,"column":25},"end":{"line":1,"column":57}},"1":{"start":{"line":3,"column":20},"end":{"line":3,"column":44}},"2":{"start":{"line":4,"column":24},"end":{"line":4,"column":53}},"3":{"start":{"line":6,"column":0},"end":{"line":8,"column":1}},"4":{"start":{"line":7,"column":4},"end":{"line":7,"column":92}},"5":{"start":{"line":10,"column":0},"end":{"line":12,"column":1}},"6":{"start":{"line":11,"column":4},"end":{"line":11,"column":86}},"7":{"start":{"line":14,"column":22},"end":{"line":22,"column":1}},"8":{"start":{"line":15,"column":4},"end":{"line":21,"column":7}},"9":{"start":{"line":24,"column":0},"end":{"line":24,"column":31}}},"fnMap":{"0":{"name":"(anonymous_0)","decl":{"start":{"line":14,"column":22},"end":{"line":14,"column":23}},"loc":{"start":{"line":14,"column":33},"end":{"line":22,"column":1}},"line":14}},"branchMap":{"0":{"loc":{"start":{"line":6,"column":0},"end":{"line":8,"column":1}},"type":"if","locations":[{"start":{"line":6,"column":0},"end":{"line":8,"column":1}},{"start":{},"end":{}}],"line":6},"1":{"loc":{"start":{"line":6,"column":4},"end":{"line":6,"column":36}},"type":"binary-expr","locations":[{"start":{"line":6,"column":4},"end":{"line":6,"column":16}},{"start":{"line":6,"column":20},"end":{"line":6,"column":36}}],"line":6},"2":{"loc":{"start":{"line":10,"column":0},"end":{"line":12,"column":1}},"type":"if","locations":[{"start":{"line":10,"column":0},"end":{"line":12,"column":1}},{"start":{},"end":{}}],"line":10}},"s":{"0":1,"1":1,"2":1,"3":1,"4":0,"5":1,"6":0,"7":1,"8":0,"9":1},"f":{"0":0},"b":{"0":[0,1],"1":[1,1],"2":[0,1]},"_coverageSchema":"1a1c01bbd47fc00a2c39e90264f33305004495a9","hash":"75084c2f3425f7ae82c50cedeae86610a0267dde","contentHash":"84c946b45345cc68c31199afcd89df99756d312a1a5dd193e04d3c5ffffae9d1"},"D:\\10 Pearls\\cohort-9-mern-9161-bakhtiar\\backend\\src\\middlewares\\errorHandler.js":{"path":"D:\\10 Pearls\\cohort-9-mern-9161-bakhtiar\\backend\\src\\middlewares\\errorHandler.js","statementMap":{"0":{"start":{"line":1,"column":15},"end":{"line":1,"column":35}},"1":{"start":{"line":2,"column":17},"end":{"line":2,"column":45}},"2":{"start":{"line":4,"column":33},"end":{"line":9,"column":1}},"3":{"start":{"line":6,"column":19},"end":{"line":6,"column":69}},"4":{"start":{"line":6,"column":58},"end":{"line":6,"column":68}},"5":{"start":{"line":7,"column":20},"end":{"line":7,"column":62}},"6":{"start":{"line":8,"column":4},"end":{"line":8,"column":38}},"7":{"start":{"line":11,"column":32},"end":{"line":16,"column":1}},"8":{"start":{"line":13,"column":18},"end":{"line":13,"column":87}},"9":{"start":{"line":14,"column":20},"end":{"line":14,"column":80}},"10":{"start":{"line":15,"column":4},"end":{"line":15,"column":38}},"11":{"start":{"line":18,"column":40},"end":{"line":20,"column":1}},"12":{"start":{"line":19,"column":4},"end":{"line":19,"column":90}},"13":{"start":{"line":22,"column":23},"end":{"line":22,"column":85}},"14":{"start":{"line":22,"column":29},"end":{"line":22,"column":85}},"15":{"start":{"line":23,"column":30},"end":{"line":23,"column":101}},"16":{"start":{"line":23,"column":36},"end":{"line":23,"column":101}},"17":{"start":{"line":24,"column":28},"end":{"line":24,"column":92}},"18":{"start":{"line":24,"column":34},"end":{"line":24,"column":92}},"19":{"start":{"line":26,"column":21},"end":{"line":36,"column":1}},"20":{"start":{"line":27,"column":4},"end":{"line":27,"column":92}},"21":{"start":{"line":29,"column":4},"end":{"line":35,"column":7}},"22":{"start":{"line":38,"column":22},"end":{"line":66,"column":1}},"23":{"start":{"line":40,"column":4},"end":{"line":65,"column":5}},"24":{"start":{"line":42,"column":8},"end":{"line":46,"column":9}},"25":{"start":{"line":43,"column":12},"end":{"line":43,"column":71}},"26":{"start":{"line":45,"column":12},"end":{"line":45,"column":69}},"27":{"start":{"line":48,"column":8},"end":{"line":52,"column":11}},"28":{"start":{"line":57,"column":8},"end":{"line":57,"column":65}},"29":{"start":{"line":60,"column":8},"end":{"line":64,"column":11}},"30":{"start":{"line":69,"column":21},"end":{"line":116,"column":1}},"31":{"start":{"line":70,"column":4},"end":{"line":70,"column":43}},"32":{"start":{"line":71,"column":4},"end":{"line":71,"column":39}},"33":{"start":{"line":73,"column":4},"end":{"line":115,"column":5}},"34":{"start":{"line":74,"column":8},"end":{"line":74,"column":31}},"35":{"start":{"line":77,"column":20},"end":{"line":77,"column":42}},"36":{"start":{"line":78,"column":8},"end":{"line":78,"column":36}},"37":{"start":{"line":79,"column":8},"end":{"line":79,"column":30}},"38":{"start":{"line":80,"column":8},"end":{"line":80,"column":30}},"39":{"start":{"line":83,"column":8},"end":{"line":85,"column":9}},"40":{"start":{"line":84,"column":12},"end":{"line":84,"column":52}},"41":{"start":{"line":89,"column":8},"end":{"line":91,"column":9}},"42":{"start":{"line":90,"column":12},"end":{"line":90,"column":51}},"43":{"start":{"line":93,"column":8},"end":{"line":95,"column":9}},"44":{"start":{"line":94,"column":12},"end":{"line":94,"column":59}},"45":{"start":{"line":97,"column":8},"end":{"line":99,"column":9}},"46":{"start":{"line":98,"column":12},"end":{"line":98,"column":42}},"47":{"start":{"line":102,"column":8},"end":{"line":104,"column":9}},"48":{"start":{"line":103,"column":12},"end":{"line":103,"column":37}},"49":{"start":{"line":105,"column":8},"end":{"line":107,"column":9}},"50":{"start":{"line":106,"column":12},"end":{"line":106,"column":44}},"51":{"start":{"line":110,"column":8},"end":{"line":112,"column":9}},"52":{"start":{"line":111,"column":12},"end":{"line":111,"column":75}},"53":{"start":{"line":114,"column":8},"end":{"line":114,"column":34}},"54":{"start":{"line":118,"column":0},"end":{"line":118,"column":30}}},"fnMap":{"0":{"name":"(anonymous_0)","decl":{"start":{"line":4,"column":33},"end":{"line":4,"column":34}},"loc":{"start":{"line":4,"column":42},"end":{"line":9,"column":1}},"line":4},"1":{"name":"(anonymous_1)","decl":{"start":{"line":6,"column":50},"end":{"line":6,"column":51}},"loc":{"start":{"line":6,"column":58},"end":{"line":6,"column":68}},"line":6},"2":{"name":"(anonymous_2)","decl":{"start":{"line":11,"column":32},"end":{"line":11,"column":33}},"loc":{"start":{"line":11,"column":41},"end":{"line":16,"column":1}},"line":11},"3":{"name":"(anonymous_3)","decl":{"start":{"line":18,"column":40},"end":{"line":18,"column":41}},"loc":{"start":{"line":18,"column":46},"end":{"line":20,"column":1}},"line":18},"4":{"name":"(anonymous_4)","decl":{"start":{"line":22,"column":23},"end":{"line":22,"column":24}},"loc":{"start":{"line":22,"column":29},"end":{"line":22,"column":85}},"line":22},"5":{"name":"(anonymous_5)","decl":{"start":{"line":23,"column":30},"end":{"line":23,"column":31}},"loc":{"start":{"line":23,"column":36},"end":{"line":23,"column":101}},"line":23},"6":{"name":"(anonymous_6)","decl":{"start":{"line":24,"column":28},"end":{"line":24,"column":29}},"loc":{"start":{"line":24,"column":34},"end":{"line":24,"column":92}},"line":24},"7":{"name":"(anonymous_7)","decl":{"start":{"line":26,"column":21},"end":{"line":26,"column":22}},"loc":{"start":{"line":26,"column":35},"end":{"line":36,"column":1}},"line":26},"8":{"name":"(anonymous_8)","decl":{"start":{"line":38,"column":22},"end":{"line":38,"column":23}},"loc":{"start":{"line":38,"column":36},"end":{"line":66,"column":1}},"line":38},"9":{"name":"(anonymous_9)","decl":{"start":{"line":69,"column":21},"end":{"line":69,"column":22}},"loc":{"start":{"line":69,"column":46},"end":{"line":116,"column":1}},"line":69}},"branchMap":{"0":{"loc":{"start":{"line":13,"column":18},"end":{"line":13,"column":87}},"type":"cond-expr","locations":[{"start":{"line":13,"column":31},"end":{"line":13,"column":77}},{"start":{"line":13,"column":80},"end":{"line":13,"column":87}}],"line":13},"1":{"loc":{"start":{"line":27,"column":28},"end":{"line":27,"column":49}},"type":"binary-expr","locations":[{"start":{"line":27,"column":28},"end":{"line":27,"column":42}},{"start":{"line":27,"column":46},"end":{"line":27,"column":49}}],"line":27},"2":{"loc":{"start":{"line":29,"column":15},"end":{"line":29,"column":36}},"type":"binary-expr","locations":[{"start":{"line":29,"column":15},"end":{"line":29,"column":29}},{"start":{"line":29,"column":33},"end":{"line":29,"column":36}}],"line":29},"3":{"loc":{"start":{"line":31,"column":16},"end":{"line":31,"column":37}},"type":"binary-expr","locations":[{"start":{"line":31,"column":16},"end":{"line":31,"column":26}},{"start":{"line":31,"column":30},"end":{"line":31,"column":37}}],"line":31},"4":{"loc":{"start":{"line":40,"column":4},"end":{"line":65,"column":5}},"type":"if","locations":[{"start":{"line":40,"column":4},"end":{"line":65,"column":5}},{"start":{"line":55,"column":11},"end":{"line":65,"column":5}}],"line":40},"5":{"loc":{"start":{"line":42,"column":8},"end":{"line":46,"column":9}},"type":"if","locations":[{"start":{"line":42,"column":8},"end":{"line":46,"column":9}},{"start":{"line":44,"column":15},"end":{"line":46,"column":9}}],"line":42},"6":{"loc":{"start":{"line":70,"column":21},"end":{"line":70,"column":42}},"type":"binary-expr","locations":[{"start":{"line":70,"column":21},"end":{"line":70,"column":35}},{"start":{"line":70,"column":39},"end":{"line":70,"column":42}}],"line":70},"7":{"loc":{"start":{"line":71,"column":17},"end":{"line":71,"column":38}},"type":"binary-expr","locations":[{"start":{"line":71,"column":17},"end":{"line":71,"column":27}},{"start":{"line":71,"column":31},"end":{"line":71,"column":38}}],"line":71},"8":{"loc":{"start":{"line":73,"column":4},"end":{"line":115,"column":5}},"type":"if","locations":[{"start":{"line":73,"column":4},"end":{"line":115,"column":5}},{"start":{"line":75,"column":11},"end":{"line":115,"column":5}}],"line":73},"9":{"loc":{"start":{"line":83,"column":8},"end":{"line":85,"column":9}},"type":"if","locations":[{"start":{"line":83,"column":8},"end":{"line":85,"column":9}},{"start":{},"end":{}}],"line":83},"10":{"loc":{"start":{"line":83,"column":12},"end":{"line":83,"column":59}},"type":"binary-expr","locations":[{"start":{"line":83,"column":12},"end":{"line":83,"column":23}},{"start":{"line":83,"column":27},"end":{"line":83,"column":59}}],"line":83},"11":{"loc":{"start":{"line":89,"column":8},"end":{"line":91,"column":9}},"type":"if","locations":[{"start":{"line":89,"column":8},"end":{"line":91,"column":9}},{"start":{},"end":{}}],"line":89},"12":{"loc":{"start":{"line":93,"column":8},"end":{"line":95,"column":9}},"type":"if","locations":[{"start":{"line":93,"column":8},"end":{"line":95,"column":9}},{"start":{},"end":{}}],"line":93},"13":{"loc":{"start":{"line":97,"column":8},"end":{"line":99,"column":9}},"type":"if","locations":[{"start":{"line":97,"column":8},"end":{"line":99,"column":9}},{"start":{},"end":{}}],"line":97},"14":{"loc":{"start":{"line":102,"column":8},"end":{"line":104,"column":9}},"type":"if","locations":[{"start":{"line":102,"column":8},"end":{"line":104,"column":9}},{"start":{},"end":{}}],"line":102},"15":{"loc":{"start":{"line":105,"column":8},"end":{"line":107,"column":9}},"type":"if","locations":[{"start":{"line":105,"column":8},"end":{"line":107,"column":9}},{"start":{},"end":{}}],"line":105},"16":{"loc":{"start":{"line":110,"column":8},"end":{"line":112,"column":9}},"type":"if","locations":[{"start":{"line":110,"column":8},"end":{"line":112,"column":9}},{"start":{},"end":{}}],"line":110},"17":{"loc":{"start":{"line":110,"column":12},"end":{"line":110,"column":58}},"type":"binary-expr","locations":[{"start":{"line":110,"column":12},"end":{"line":110,"column":34}},{"start":{"line":110,"column":38},"end":{"line":110,"column":58}}],"line":110},"18":{"loc":{"start":{"line":111,"column":33},"end":{"line":111,"column":68}},"type":"binary-expr","locations":[{"start":{"line":111,"column":33},"end":{"line":111,"column":44}},{"start":{"line":111,"column":48},"end":{"line":111,"column":68}}],"line":111}},"s":{"0":1,"1":1,"2":1,"3":0,"4":0,"5":0,"6":0,"7":1,"8":0,"9":0,"10":0,"11":1,"12":0,"13":1,"14":0,"15":1,"16":0,"17":1,"18":0,"19":1,"20":0,"21":0,"22":1,"23":0,"24":0,"25":0,"26":0,"27":0,"28":0,"29":0,"30":1,"31":0,"32":0,"33":0,"34":0,"35":0,"36":0,"37":0,"38":0,"39":0,"40":0,"41":0,"42":0,"43":0,"44":0,"45":0,"46":0,"47":0,"48":0,"49":0,"50":0,"51":0,"52":0,"53":0,"54":1},"f":{"0":0,"1":0,"2":0,"3":0,"4":0,"5":0,"6":0,"7":0,"8":0,"9":0},"b":{"0":[0,0],"1":[0,0],"2":[0,0],"3":[0,0],"4":[0,0],"5":[0,0],"6":[0,0],"7":[0,0],"8":[0,0],"9":[0,0],"10":[0,0],"11":[0,0],"12":[0,0],"13":[0,0],"14":[0,0],"15":[0,0],"16":[0,0],"17":[0,0],"18":[0,0]},"_coverageSchema":"1a1c01bbd47fc00a2c39e90264f33305004495a9","hash":"62fb1d8f375b417226d37a764a1c1cc57aaaaaec","contentHash":"88f5c4aa94ef5306ee926407a998c4f6307f52988699790332a9b56d0f9ac584"},"D:\\10 Pearls\\cohort-9-mern-9161-bakhtiar\\backend\\src\\utils\\AppError.js":{"path":"D:\\10 Pearls\\cohort-9-mern-9161-bakhtiar\\backend\\src\\utils\\AppError.js","statementMap":{"0":{"start":{"line":3,"column":8},"end":{"line":3,"column":23}},"1":{"start":{"line":5,"column":8},"end":{"line":5,"column":37}},"2":{"start":{"line":6,"column":8},"end":{"line":6,"column":73}},"3":{"start":{"line":7,"column":8},"end":{"line":7,"column":34}},"4":{"start":{"line":9,"column":8},"end":{"line":9,"column":56}},"5":{"start":{"line":13,"column":0},"end":{"line":13,"column":26}}},"fnMap":{"0":{"name":"(anonymous_0)","decl":{"start":{"line":2,"column":4},"end":{"line":2,"column":5}},"loc":{"start":{"line":2,"column":37},"end":{"line":10,"column":5}},"line":2}},"branchMap":{"0":{"loc":{"start":{"line":6,"column":22},"end":{"line":6,"column":72}},"type":"cond-expr","locations":[{"start":{"line":6,"column":56},"end":{"line":6,"column":62}},{"start":{"line":6,"column":65},"end":{"line":6,"column":72}}],"line":6}},"s":{"0":0,"1":0,"2":0,"3":0,"4":0,"5":1},"f":{"0":0},"b":{"0":[0,0]},"_coverageSchema":"1a1c01bbd47fc00a2c39e90264f33305004495a9","hash":"81d0a0b4f970936eac8513535048d58b3c5927f6","contentHash":"685dec39179b033b8ecbcf8794c3490acf7192135d04495b788bc03db17f0c5c"}}